<?xml version="1.0" encoding="UTF-8"?>
<!-- Generated by org.testng.reporters.JUnitXMLReporter -->
<testsuite hostname="E6ML15705" ignored="0" name="RestAssured" tests="3" failures="0" timestamp="17 Feb 2020 00:51:27 GMT" time="5.104" errors="0">
  <testcase name="verifyPostMethodUsingPOJO" time="3.896" classname="test.WebServiceAutomation"/>
  <testcase name="verifyPostMethod" time="0.202" classname="test.WebServiceAutomation"/>
  <testcase name="verifyGetMethod" time="0.216" classname="test.WebServiceAutomation"/>
</testsuite> <!-- RestAssured -->
