<?xml version="1.0" encoding="UTF-8"?>
<!-- Generated by org.testng.reporters.JUnitXMLReporter -->
<testsuite hostname="E6ML15705" ignored="0" name="RestAssured Regression" tests="3" failures="0" timestamp="15 Feb 2020 19:17:35 GMT" time="5.558" errors="0">
  <testcase name="verifyPostMethodUsingPOJO" time="2.953" classname="test.WebServiceAutomation"/>
  <testcase name="verifyPostMethod" time="0.851" classname="test.WebServiceAutomation"/>
  <testcase name="verifyGetMethod" time="0.817" classname="test.WebServiceAutomation"/>
</testsuite> <!-- RestAssured Regression -->
