<?xml version="1.0" encoding="UTF-8"?>
<!-- Generated by org.testng.reporters.JUnitXMLReporter -->
<testsuite hostname="E6ML15705" ignored="0" name="RestAssured" tests="3" failures="1" timestamp="20 Feb 2020 00:57:27 GMT" time="7.979" errors="0">
  <testcase name="verifyPostMethodUsingPOJO" time="5.851" classname="test.WebServiceAutomation"/>
  <testcase name="verifyPostMethod" time="0.188" classname="test.WebServiceAutomation">
    <failure type="junit.framework.ComparisonFailure" message="expected:&amp;lt;[Product foun]d&amp;gt; but was:&amp;lt;[Create]d&amp;gt;">
      <![CDATA[junit.framework.ComparisonFailure: expected:<[Product foun]d> but was:<[Create]d>
at junit.framework.Assert.assertEquals(Assert.java:85)
at junit.framework.Assert.assertEquals(Assert.java:91)
at test.WebServiceAutomation.verifyPostMethod(WebServiceAutomation.java:122)
at java.util.concurrent.FutureTask.run(Unknown Source)
at java.util.concurrent.ThreadPoolExecutor.runWorker(Unknown Source)
at java.util.concurrent.ThreadPoolExecutor$Worker.run(Unknown Source)
at java.lang.Thread.run(Unknown Source)
... Removed 16 stack frames]]>
    </failure>
  </testcase> <!-- verifyPostMethod -->
  <testcase name="verifyGetMethod" time="0.181" classname="test.WebServiceAutomation"/>
</testsuite> <!-- RestAssured -->
