<?xml version="1.0" encoding="UTF-8"?>
<!-- Generated by org.testng.reporters.JUnitXMLReporter -->
<testsuite hostname="E6ML15705" ignored="0" name="WebService" tests="3" failures="3" timestamp="15 Feb 2020 19:16:12 GMT" time="0.054" errors="0">
  <testcase name="verifyPostMethodUsingPOJO" time="0.011" classname="test.WebServiceAutomation">
    <failure type="java.lang.NullPointerException">
      <![CDATA[java.lang.NullPointerException
at test.WebServiceAutomation.verifyPostMethodUsingPOJO(WebServiceAutomation.java:48)
at java.util.concurrent.FutureTask.run(Unknown Source)
at java.util.concurrent.ThreadPoolExecutor.runWorker(Unknown Source)
at java.util.concurrent.ThreadPoolExecutor$Worker.run(Unknown Source)
at java.lang.Thread.run(Unknown Source)
... Removed 16 stack frames]]>
    </failure>
  </testcase> <!-- verifyPostMethodUsingPOJO -->
  <testcase name="verifyPostMethod" time="0.003" classname="test.WebServiceAutomation">
    <failure type="java.lang.NullPointerException">
      <![CDATA[java.lang.NullPointerException
at test.WebServiceAutomation.verifyPostMethod(WebServiceAutomation.java:65)
at java.util.concurrent.FutureTask.run(Unknown Source)
at java.util.concurrent.ThreadPoolExecutor.runWorker(Unknown Source)
at java.util.concurrent.ThreadPoolExecutor$Worker.run(Unknown Source)
at java.lang.Thread.run(Unknown Source)
... Removed 16 stack frames]]>
    </failure>
  </testcase> <!-- verifyPostMethod -->
  <testcase name="verifyGetMethod" time="0.003" classname="test.WebServiceAutomation">
    <failure type="java.lang.NullPointerException">
      <![CDATA[java.lang.NullPointerException
at test.WebServiceAutomation.verifyGetMethod(WebServiceAutomation.java:109)
at java.util.concurrent.FutureTask.run(Unknown Source)
at java.util.concurrent.ThreadPoolExecutor.runWorker(Unknown Source)
at java.util.concurrent.ThreadPoolExecutor$Worker.run(Unknown Source)
at java.lang.Thread.run(Unknown Source)
... Removed 16 stack frames]]>
    </failure>
  </testcase> <!-- verifyGetMethod -->
</testsuite> <!-- WebService -->
