<?xml version="1.0" encoding="UTF-8"?>
<!-- Generated by org.testng.reporters.JUnitXMLReporter -->
<testsuite hostname="E6ML15705" ignored="0" name="Default test" tests="4" failures="0" timestamp="16 Feb 2020 06:13:18 GMT" time="51.862" errors="0">
  <testcase name="validateCredentials" time="7.004" classname="test.BookMyFurnitureTestCases"/>
  <testcase name="verifyApplicationInNewTab" time="3.307" classname="test.BookMyFurnitureTestCases"/>
  <testcase name="bookAFurniture" time="11.019" classname="test.BookMyFurnitureTestCases"/>
  <testcase name="verifyApplicationInNewWindow" time="4.406" classname="test.BookMyFurnitureTestCases"/>
</testsuite> <!-- Default test -->
