<?xml version="1.0" encoding="UTF-8"?>
<!-- Generated by org.testng.reporters.JUnitXMLReporter -->
<testsuite hostname="E6ML15705" ignored="2" name="Default test" tests="2" failures="0" timestamp="18 Feb 2020 03:59:01 GMT" time="35.896" errors="0">
  <testcase name="validateCredentials" time="6.913" classname="test.BookMyFurnitureTestCases"/>
  <testcase name="bookAFurniture" time="13.575" classname="test.BookMyFurnitureTestCases"/>
  <testcase name="verifyApplicationInNewTab" time="0.0" classname="test.BookMyFurnitureTestCases">
    <ignored/>
  </testcase> <!-- verifyApplicationInNewTab -->
  <testcase name="verifyApplicationInNewWindow" time="0.0" classname="test.BookMyFurnitureTestCases">
    <ignored/>
  </testcase> <!-- verifyApplicationInNewWindow -->
</testsuite> <!-- Default test -->
